<?xml version="1.0" encoding="UTF-8"?>
<!-- Generated by org.testng.reporters.JUnitReportReporter -->
<testsuite hostname="macs-MacBook-Pro-4.local" name="org.alm.model.TestTestInstance" tests="4" failures="0" timestamp="18 Jul 2017 23:03:27 GMT" time="0.001" errors="0">
  <testcase name="testSetId" time="0.000" classname="org.alm.model.TestTestInstance"/>
  <testcase name="iterations" time="0.001" classname="org.alm.model.TestTestInstance"/>
  <testcase name="testId" time="0.000" classname="org.alm.model.TestTestInstance"/>
  <testcase name="type" time="0.000" classname="org.alm.model.TestTestInstance"/>
</testsuite>
