<?xml version="1.0" encoding="UTF-8"?>
<!-- Generated by org.testng.reporters.JUnitReportReporter -->
<testsuite hostname="macs-MacBook-Pro-4.local" name="org.alm.model.TestTestSet" tests="5" failures="0" timestamp="18 Jul 2017 23:03:27 GMT" time="0.000" errors="0">
  <testcase name="type" time="0.000" classname="org.alm.model.TestTestSet"/>
  <testcase name="status" time="0.000" classname="org.alm.model.TestTestSet"/>
  <testcase name="subtypeId" time="0.000" classname="org.alm.model.TestTestSet"/>
  <testcase name="comment" time="0.000" classname="org.alm.model.TestTestSet"/>
  <testcase name="linkage" time="0.000" classname="org.alm.model.TestTestSet"/>
</testsuite>
