<?xml version="1.0" encoding="UTF-8"?>
<!-- Generated by org.testng.reporters.JUnitReportReporter -->
<testsuite hostname="macs-MacBook-Pro-4.local" name="org.alm.TestClient" tests="7" failures="0" timestamp="18 Jul 2017 23:03:27 GMT" time="0.936" errors="0">
  <testcase name="logout" time="0.024" classname="org.alm.TestClient"/>
  <testcase name="loadTest" time="0.032" classname="org.alm.TestClient"/>
  <testcase name="loadTestInstances" time="0.041" classname="org.alm.TestClient"/>
  <testcase name="createRun" time="0.249" classname="org.alm.TestClient"/>
  <testcase name="createRunSteps" time="0.056" classname="org.alm.TestClient"/>
  <testcase name="loadTestSet" time="0.227" classname="org.alm.TestClient"/>
  <testcase name="login" time="0.307" classname="org.alm.TestClient"/>
</testsuite>
