<?xml version="1.0" encoding="UTF-8"?>
<!-- Generated by org.testng.reporters.JUnitReportReporter -->
<testsuite hostname="macs-MacBook-Pro-4.local" name="org.alm.model.TestField" tests="7" failures="0" timestamp="18 Jul 2017 23:03:27 GMT" time="0.011" errors="0">
  <testcase name="objectToXml" time="0.002" classname="org.alm.model.TestField"/>
  <testcase name="xmlToObject" time="0.007" classname="org.alm.model.TestField"/>
  <testcase name="name" time="0.000" classname="org.alm.model.TestField"/>
  <testcase name="initFieldTwoParam" time="0.000" classname="org.alm.model.TestField"/>
  <testcase name="initFieldOneParam" time="0.001" classname="org.alm.model.TestField"/>
  <testcase name="initFieldDefault" time="0.001" classname="org.alm.model.TestField"/>
  <testcase name="value" time="0.000" classname="org.alm.model.TestField"/>
</testsuite>
