<?xml version="1.0" encoding="UTF-8"?>
<!-- Generated by org.testng.reporters.JUnitReportReporter -->
<testsuite hostname="macs-MacBook-Pro-4.local" name="org.alm.model.TestEntity" tests="8" failures="0" timestamp="18 Jul 2017 23:03:27 GMT" time="0.014" errors="0">
  <testcase name="objectToXml" time="0.007" classname="org.alm.model.TestEntity"/>
  <testcase name="xmlToObject" time="0.005" classname="org.alm.model.TestEntity"/>
  <testcase name="parentId" time="0.000" classname="org.alm.model.TestEntity"/>
  <testcase name="name" time="0.000" classname="org.alm.model.TestEntity"/>
  <testcase name="id" time="0.000" classname="org.alm.model.TestEntity"/>
  <testcase name="type" time="0.001" classname="org.alm.model.TestEntity"/>
  <testcase name="fields" time="0.000" classname="org.alm.model.TestEntity"/>
  <testcase name="initEntityWithParam" time="0.001" classname="org.alm.model.TestEntity"/>
</testsuite>
