<?xml version="1.0" encoding="UTF-8"?>
<!-- Generated by org.testng.reporters.JUnitReportReporter -->
<testsuite hostname="macs-MacBook-Pro-4.local" name="org.alm.TestDao" tests="14" failures="0" timestamp="18 Jul 2017 23:03:27 GMT" time="0.414" errors="0">
  <testcase name="updateRunStep" time="0.019" classname="org.alm.TestDao"/>
  <testcase name="logout" time="0.033" classname="org.alm.TestDao"/>
  <testcase name="readTestInstanceEntities" time="0.025" classname="org.alm.TestDao"/>
  <testcase name="login" time="0.100" classname="org.alm.TestDao"/>
  <testcase name="readTestStepsEntities" time="0.022" classname="org.alm.TestDao"/>
  <testcase name="readTestSetEntity" time="0.020" classname="org.alm.TestDao"/>
  <testcase name="updateRunEntity" time="0.020" classname="org.alm.TestDao"/>
  <testcase name="readTestInstanceEntity" time="0.019" classname="org.alm.TestDao"/>
  <testcase name="createRun" time="0.036" classname="org.alm.TestDao"/>
  <testcase name="isAutheticatedUnauthorized" time="0.024" classname="org.alm.TestDao"/>
  <testcase name="createRunAttachment" time="0.027" classname="org.alm.TestDao"/>
  <testcase name="readTestEntity" time="0.021" classname="org.alm.TestDao"/>
  <testcase name="createRunStep" time="0.028" classname="org.alm.TestDao"/>
  <testcase name="createRunStepAttachment" time="0.020" classname="org.alm.TestDao"/>
</testsuite>
