<?xml version="1.0" encoding="UTF-8"?>
<!-- Generated by org.testng.reporters.JUnitReportReporter -->
<testsuite hostname="macs-MacBook-Pro-4.local" name="org.alm.TestConfig" tests="2" failures="0" timestamp="18 Jul 2017 23:03:27 GMT" time="0.000" errors="0">
  <testcase name="accessors" time="0.000" classname="org.alm.TestConfig"/>
  <testcase name="defaultValues" time="0.000" classname="org.alm.TestConfig"/>
</testsuite>
