<?xml version="1.0" encoding="UTF-8"?>
<!-- Generated by org.testng.reporters.JUnitReportReporter -->
<testsuite hostname="macs-MacBook-Pro-4.local" name="org.alm.TestRestConnector" tests="7" failures="0" timestamp="18 Jul 2017 23:03:27 GMT" time="0.102" errors="0">
  <testcase name="get" time="0.014" classname="org.alm.TestRestConnector"/>
  <testcase name="getXmlContent" time="0.031" classname="org.alm.TestRestConnector"/>
  <testcase name="buildEntityUrl" time="0.000" classname="org.alm.TestRestConnector"/>
  <testcase name="put" time="0.019" classname="org.alm.TestRestConnector"/>
  <testcase name="post" time="0.018" classname="org.alm.TestRestConnector"/>
  <testcase name="delete" time="0.020" classname="org.alm.TestRestConnector"/>
  <testcase name="accessors" time="0.000" classname="org.alm.TestRestConnector"/>
</testsuite>
